{
  "RSpec": {
    "coverage": {
      "/Users/student/Documents/week-4/afternoon/ellis/bookmark_manager/app.rb": {
        "lines": [
          1,
          1,
          null,
          null,
          null,
          1,
          null,
          1,
          null,
          1,
          1,
          null,
          null,
          1,
          1,
          null,
          null,
          1,
          13,
          13,
          null,
          null,
          1,
          3,
          3,
          null,
          null,
          1,
          1,
          1,
          null,
          null,
          1,
          2,
          2,
          null,
          null,
          1,
          2,
          2,
          null,
          null,
          1,
          null,
          1,
          null,
          1,
          0,
          0,
          0,
          null,
          null
        ]
      },
      "/Users/student/Documents/week-4/afternoon/ellis/bookmark_manager/lib/bookmark.rb": {
        "lines": [
          1,
          null,
          1,
          null,
          1,
          null,
          1,
          20,
          20,
          20,
          null,
          null,
          1,
          16,
          null,
          16,
          16,
          14,
          null,
          null,
          16,
          null,
          null,
          1,
          6,
          null,
          null,
          1,
          3,
          null,
          null,
          1,
          2,
          null,
          null,
          1,
          3,
          3,
          null,
          null,
          1,
          null,
          1,
          30,
          30,
          null,
          0,
          null,
          null,
          null
        ]
      },
      "/Users/student/Documents/week-4/afternoon/ellis/bookmark_manager/spec/features/web_helper.rb": {
        "lines": [
          1,
          null,
          3,
          null,
          3,
          3,
          3,
          null,
          null
        ]
      },
      "/Users/student/Documents/week-4/afternoon/ellis/bookmark_manager/spec/setup_test_database.rb": {
        "lines": [
          1,
          null,
          1,
          16,
          null,
          16,
          null,
          null,
          16,
          null
        ]
      },
      "/Users/student/Documents/week-4/afternoon/ellis/bookmark_manager/spec/features/add_bookmark_spec.rb": {
        "lines": [
          1,
          1,
          1,
          null,
          1,
          1,
          null,
          null
        ]
      },
      "/Users/student/Documents/week-4/afternoon/ellis/bookmark_manager/spec/features/delete_bookmark_spec.rb": {
        "lines": [
          1,
          1,
          1,
          1,
          1,
          null,
          null
        ]
      },
      "/Users/student/Documents/week-4/afternoon/ellis/bookmark_manager/spec/features/edit_bookmark_spec.rb": {
        "lines": [
          1,
          1,
          1,
          null,
          1,
          1,
          1,
          1,
          1,
          1,
          null,
          null,
          1,
          1,
          null,
          1,
          1,
          1,
          1,
          1,
          1,
          1,
          1,
          null,
          null
        ]
      },
      "/Users/student/Documents/week-4/afternoon/ellis/bookmark_manager/spec/features/interactive_bookmark_spec.rb": {
        "lines": [
          1,
          1,
          1,
          null,
          1,
          null,
          null
        ]
      },
      "/Users/student/Documents/week-4/afternoon/ellis/bookmark_manager/spec/features/viewing_bookmarks_spec.rb": {
        "lines": [
          1,
          1,
          1,
          1,
          null,
          null,
          1,
          1,
          1,
          null,
          null,
          1,
          1,
          null,
          1,
          1,
          1,
          null,
          1,
          1,
          1,
          1,
          null,
          null
        ]
      },
      "/Users/student/Documents/week-4/afternoon/ellis/bookmark_manager/spec/units/bookmark_spec.rb": {
        "lines": [
          1,
          null,
          1,
          1,
          1,
          null,
          1,
          null,
          null,
          1,
          1,
          1,
          null,
          1,
          null,
          1,
          1,
          1,
          null,
          1,
          1,
          1,
          null,
          null,
          null,
          1,
          1,
          1,
          1,
          null,
          null,
          null,
          1,
          1,
          1,
          1,
          1,
          null,
          null,
          null,
          1,
          1,
          1,
          4,
          null,
          null,
          null,
          1,
          1,
          1,
          1,
          1,
          1,
          null,
          null,
          null,
          null,
          1,
          null,
          4,
          null,
          1,
          1,
          null,
          null,
          1,
          1,
          null,
          null,
          1,
          1,
          null,
          null,
          null
        ]
      }
    },
    "timestamp": 1588864516
  }
}
